2021/05/13 22:00:52 {"callers":["D:/GoProjects/src/BUGU/main.go: 21 main.init.0"],"level":"info","message":"eddycjy: go-programming-tour-book/blog-service","time":1620914452855268000}
2021/05/26 21:43:56 {"callers":["D:/GoProjects/src/bugu/main.go: 24 main.init.0"],"level":"error","message":"app.BindAndValid errs: SecurityCode长度必须至少为3个字符","time":1622036636336570000}
2021/05/26 21:45:06 {"callers":["D:/GoProjects/src/bugu/main.go: 24 main.init.0"],"level":"error","message":"app.BindAndValid errs: SecurityCode为必填字段","time":1622036706798294900}
2021/05/27 23:51:59 {"callers":["D:/GoProjects/src/bugu/main.go: 24 main.init.0"],"level":"error","message":"app.BindAndValid errs: SecurityCode为必填字段","time":1622130719661060900}
2021/05/28 00:42:16 {"callers":["D:/GoProjects/src/bugu/main.go: 24 main.init.0"],"level":"error","message":"svc.CreateUser err: 用户已存在","time":1622133736582309600}
2021/05/28 19:06:02 {"callers":["D:/GoProjects/src/bugu/main.go: 24 main.init.0"],"level":"error","message":"app.BindAndValid errs: Password长度必须至少为6个字符","time":1622199962342854200}
2021/05/28 19:06:02 {"callers":["D:/GoProjects/src/bugu/main.go: 24 main.init.0"],"level":"error","message":"svc.LoginUser err: 账号或密码错误","time":1622199962344857600}
2021/05/28 19:07:14 {"callers":["D:/GoProjects/src/bugu/main.go: 24 main.init.0"],"level":"error","message":"svc.LoginUser err: 账号或密码错误","time":1622200034442234700}
2021/05/28 19:07:20 {"callers":["D:/GoProjects/src/bugu/main.go: 24 main.init.0"],"level":"error","message":"app.BindAndValid errs: Username长度必须至少为3个字符","time":1622200040925479500}
2021/05/28 19:07:20 {"callers":["D:/GoProjects/src/bugu/main.go: 24 main.init.0"],"level":"error","message":"svc.LoginUser err: 用户不存在","time":1622200040926480100}
2021/05/28 19:07:59 {"callers":["D:/GoProjects/src/bugu/main.go: 24 main.init.0"],"level":"error","message":"app.BindAndValid errs: Username长度必须至少为3个字符","time":1622200079832671100}
2021/05/28 19:08:20 {"callers":["D:/GoProjects/src/bugu/main.go: 24 main.init.0"],"level":"error","message":"svc.LoginUser err: 用户不存在","time":1622200100671770400}
2021/05/29 18:11:09 {"callers":["D:/GoProjects/src/bugu/main.go: 24 main.init.0"],"level":"error","message":"svc.LoginUser err: 用户不存在","time":1622283069181209500}
2021/05/29 18:27:51 {"callers":["D:/GoProjects/src/bugu/main.go: 24 main.init.0"],"level":"error","message":"svc.CreateUser err: a","time":1622284071910108200}
2021/05/29 18:28:04 {"callers":["D:/GoProjects/src/bugu/main.go: 24 main.init.0"],"level":"error","message":"svc.CreateUser err: 用户已存在","time":1622284084587634100}
2021/06/02 20:05:46 {"callers":["C:/Users/admin/Documents/Tencent Files/1808321138/FileRecv/src/bugu/main.go: 22 main.init.0"],"level":"error","message":"app.BindAndValid errs: SecurityCode为必填字段","time":1622635546685518600}
2021/06/02 20:05:57 {"callers":["C:/Users/admin/Documents/Tencent Files/1808321138/FileRecv/src/bugu/main.go: 22 main.init.0"],"level":"error","message":"svc.CreateUser err: 用户已存在","time":1622635557031274100}
2021/06/02 20:07:04 {"callers":["C:/Users/admin/Documents/Tencent Files/1808321138/FileRecv/src/bugu/main.go: 22 main.init.0"],"level":"error","message":"app.BindAndValid errs: NewPwd为必填字段,SecurityCode为必填字段","time":1622635624265951100}
2021/06/02 20:09:16 {"callers":["C:/Users/admin/Documents/Tencent Files/1808321138/FileRecv/src/bugu/main.go: 22 main.init.0"],"level":"error","message":"app.BindAndValid errs: NewPwd长度必须至少为6个字符","time":1622635756456408900}
2021/06/02 20:12:54 {"callers":["C:/Users/admin/Documents/Tencent Files/1808321138/FileRecv/src/bugu/main.go: 22 main.init.0"],"level":"error","message":"svc.UpdateCode err: 安全码错误","time":1622635974293359100}
2021/06/02 20:23:28 {"callers":["C:/Users/admin/Documents/Tencent Files/1808321138/FileRecv/src/bugu/main.go: 22 main.init.0"],"level":"error","message":"svc.UpdateCode err: 安全码错误","time":1622636608865512000}
2021/06/03 14:37:57 {"callers":["C:/Users/admin/Documents/Tencent Files/1808321138/FileRecv/src/bugu/main.go: 22 main.init.0"],"level":"error","message":"app.BindAndValid errs: Type为必填字段,ChipName为必填字段,ManufacturerName为必填字段","time":1622702277525441600}
2021/06/03 14:39:16 {"callers":["C:/Users/admin/Documents/Tencent Files/1808321138/FileRecv/src/bugu/main.go: 22 main.init.0"],"level":"error","message":"app.BindAndValid errs: ChipName为必填字段,ManufacturerName为必填字段,Type为必填字段","time":1622702356067388200}
2021/06/03 14:41:08 {"callers":["C:/Users/admin/Documents/Tencent Files/1808321138/FileRecv/src/bugu/main.go: 22 main.init.0"],"level":"error","message":"app.BindAndValid errs: ChipName为必填字段,ManufacturerName为必填字段,Type为必填字段","time":1622702468175257100}
2021/06/03 14:41:39 {"callers":["C:/Users/admin/Documents/Tencent Files/1808321138/FileRecv/src/bugu/main.go: 22 main.init.0"],"level":"error","message":"svc.CreateChip err: 插件已存在","time":1622702499749376800}
2021/06/03 14:43:14 {"callers":["C:/Users/admin/Documents/Tencent Files/1808321138/FileRecv/src/bugu/main.go: 22 main.init.0"],"level":"error","message":"app.BindAndValid errs: ChipName为必填字段","time":1622702594375143700}
2021/06/03 14:43:30 {"callers":["C:/Users/admin/Documents/Tencent Files/1808321138/FileRecv/src/bugu/main.go: 22 main.init.0"],"level":"error","message":"app.BindAndValid errs: ChipName为必填字段","time":1622702610270893500}
2021/06/03 14:48:41 {"callers":["C:/Users/admin/Documents/Tencent Files/1808321138/FileRecv/src/bugu/main.go: 22 main.init.0"],"level":"error","message":"app.BindAndValid errs: ChipName为必填字段","time":1622702921382502500}
2021/06/03 15:31:14 {"callers":["C:/Users/admin/Documents/Tencent Files/1808321138/FileRecv/src/bugu/main.go: 22 main.init.0"],"level":"error","message":"app.BindAndValid errs: ID为必填字段","time":1622705474593327400}
2021/06/03 15:46:30 {"callers":["C:/Users/admin/Documents/Tencent Files/1808321138/FileRecv/src/bugu/main.go: 22 main.init.0"],"level":"error","message":"svc.UpdateChip err: Error 1054: Unknown column 'manufacture_name' in 'field list'","time":1622706390151290400}
2021/06/03 22:42:14 {"callers":["C:/Users/admin/Documents/Tencent Files/1808321138/FileRecv/src/bugu/main.go: 22 main.init.0"],"level":"error","message":"app.BindAndValid errs: PluginAboutID为必填字段","time":1622731334959070800}
2021/06/03 22:42:21 {"callers":["C:/Users/admin/Documents/Tencent Files/1808321138/FileRecv/src/bugu/main.go: 22 main.init.0"],"level":"error","message":"app.BindAndValid errs: PluginAboutID为必填字段","time":1622731341735419700}
2021/06/03 22:43:58 {"callers":["C:/Users/admin/Documents/Tencent Files/1808321138/FileRecv/src/bugu/main.go: 22 main.init.0"],"level":"error","message":"app.BindAndValid errs: PluginAboutID为必填字段","time":1622731438786996000}
2021/06/03 22:44:00 {"callers":["C:/Users/admin/Documents/Tencent Files/1808321138/FileRecv/src/bugu/main.go: 22 main.init.0"],"level":"error","message":"app.BindAndValid errs: PluginAboutID为必填字段","time":1622731440885741600}
2021/06/03 22:44:20 {"callers":["C:/Users/admin/Documents/Tencent Files/1808321138/FileRecv/src/bugu/main.go: 22 main.init.0"],"level":"error","message":"app.BindAndValid errs: ModuleIntroduction为必填字段,PluginAboutID为必填字段","time":1622731460160068600}
2021/06/03 22:44:54 {"callers":["C:/Users/admin/Documents/Tencent Files/1808321138/FileRecv/src/bugu/main.go: 22 main.init.0"],"level":"error","message":"svc.CreateModule err: 模块已存在","time":1622731494814541400}
2021/06/03 23:04:26 {"callers":["C:/Users/admin/Documents/Tencent Files/1808321138/FileRecv/src/bugu/main.go: 22 main.init.0"],"level":"error","message":"app.BindAndValid errs: PluginAboutName为必填字段","time":1622732666792824800}
2021/06/03 23:07:16 {"callers":["C:/Users/admin/Documents/Tencent Files/1808321138/FileRecv/src/bugu/main.go: 22 main.init.0"],"level":"error","message":"app.BindAndValid errs: PluginAboutName为必填字段","time":1622732836654377000}
2021/06/03 23:11:44 {"callers":["C:/Users/admin/Documents/Tencent Files/1808321138/FileRecv/src/bugu/main.go: 22 main.init.0"],"level":"error","message":"svc.CreateModule err: 不存在该插件","time":1622733104081036300}
2021/06/03 23:12:15 {"callers":["C:/Users/admin/Documents/Tencent Files/1808321138/FileRecv/src/bugu/main.go: 22 main.init.0"],"level":"error","message":"svc.CreateModule err: 不存在该插件","time":1622733135236227000}
2021/06/03 23:14:09 {"callers":["C:/Users/admin/Documents/Tencent Files/1808321138/FileRecv/src/bugu/main.go: 22 main.init.0"],"level":"error","message":"svc.CreateModule err: 不存在该插件","time":1622733249175383200}
2021/06/03 23:14:10 {"callers":["C:/Users/admin/Documents/Tencent Files/1808321138/FileRecv/src/bugu/main.go: 22 main.init.0"],"level":"error","message":"svc.CreateModule err: 不存在该插件","time":1622733250215051400}
2021/06/03 23:16:22 {"callers":["C:/Users/admin/Documents/Tencent Files/1808321138/FileRecv/src/bugu/main.go: 22 main.init.0"],"level":"error","message":"svc.CreateModule err: 不存在该插件","time":1622733382587209700}
2021/06/03 23:19:42 {"callers":["C:/Users/admin/Documents/Tencent Files/1808321138/FileRecv/src/bugu/main.go: 22 main.init.0"],"level":"error","message":"svc.CreateModule err: 不存在该插件","time":1622733582625386100}
2021/06/03 23:19:44 {"callers":["C:/Users/admin/Documents/Tencent Files/1808321138/FileRecv/src/bugu/main.go: 22 main.init.0"],"level":"error","message":"svc.CreateModule err: 不存在该插件","time":1622733584125984900}
2021/06/03 23:29:11 {"callers":["C:/Users/admin/Documents/Tencent Files/1808321138/FileRecv/src/bugu/main.go: 22 main.init.0"],"level":"error","message":"app.BindAndValid errs: PluginAboutName为必填字段","time":1622734151637080600}
2021/06/03 23:29:14 {"callers":["C:/Users/admin/Documents/Tencent Files/1808321138/FileRecv/src/bugu/main.go: 22 main.init.0"],"level":"error","message":"app.BindAndValid errs: PluginAboutName为必填字段","time":1622734154199931200}
2021/06/03 23:30:01 {"callers":["C:/Users/admin/Documents/Tencent Files/1808321138/FileRecv/src/bugu/main.go: 22 main.init.0"],"level":"error","message":"svc.CreateModule err: 模块已存在","time":1622734201351684100}
2021/06/03 23:30:27 {"callers":["C:/Users/admin/Documents/Tencent Files/1808321138/FileRecv/src/bugu/main.go: 22 main.init.0"],"level":"error","message":"svc.CreateModule err: 不存在该插件","time":1622734227789856300}
2021/06/03 23:31:48 {"callers":["C:/Users/admin/Documents/Tencent Files/1808321138/FileRecv/src/bugu/main.go: 22 main.init.0"],"level":"error","message":"svc.CreateModule err: 不存在该插件","time":1622734308456843200}
2021/06/04 00:25:53 {"callers":["C:/Users/admin/Documents/Tencent Files/1808321138/FileRecv/src/bugu/main.go: 22 main.init.0"],"level":"error","message":"svc.CreateModule err: 不存在该插件","time":1622737553522008000}
2021/06/04 00:27:51 {"callers":["C:/Users/admin/Documents/Tencent Files/1808321138/FileRecv/src/bugu/main.go: 22 main.init.0"],"level":"error","message":"svc.CreateModule err: 不存在该插件","time":1622737671249674500}
2021/06/04 00:28:18 {"callers":["C:/Users/admin/Documents/Tencent Files/1808321138/FileRecv/src/bugu/main.go: 22 main.init.0"],"level":"error","message":"svc.CreateModule err: 不存在该插件","time":1622737698027811100}
2021/06/04 00:29:05 {"callers":["C:/Users/admin/Documents/Tencent Files/1808321138/FileRecv/src/bugu/main.go: 22 main.init.0"],"level":"error","message":"svc.CreateModule err: 不存在该插件","time":1622737745261439700}
2021/06/04 00:29:42 {"callers":["C:/Users/admin/Documents/Tencent Files/1808321138/FileRecv/src/bugu/main.go: 22 main.init.0"],"level":"error","message":"svc.CreateModule err: 不存在该插件","time":1622737782173714000}
2021/06/04 00:30:55 {"callers":["C:/Users/admin/Documents/Tencent Files/1808321138/FileRecv/src/bugu/main.go: 22 main.init.0"],"level":"error","message":"svc.CreateChip err: 芯片已存在","time":1622737855660517400}
2021/06/04 00:31:20 {"callers":["C:/Users/admin/Documents/Tencent Files/1808321138/FileRecv/src/bugu/main.go: 22 main.init.0"],"level":"error","message":"svc.CreateChip err: 芯片已存在","time":1622737880554822900}
2021/06/04 00:31:52 {"callers":["C:/Users/admin/Documents/Tencent Files/1808321138/FileRecv/src/bugu/main.go: 22 main.init.0"],"level":"error","message":"svc.CreateModule err: 不存在该插件","time":1622737912795034400}
2021/06/04 00:31:59 {"callers":["C:/Users/admin/Documents/Tencent Files/1808321138/FileRecv/src/bugu/main.go: 22 main.init.0"],"level":"error","message":"svc.CreateModule err: 不存在该插件","time":1622737919272037000}
2021/06/04 00:33:32 {"callers":["C:/Users/admin/Documents/Tencent Files/1808321138/FileRecv/src/bugu/main.go: 22 main.init.0"],"level":"error","message":"svc.CreateChip err: 芯片已存在","time":1622738012314205500}
2021/06/04 00:34:01 {"callers":["C:/Users/admin/Documents/Tencent Files/1808321138/FileRecv/src/bugu/main.go: 22 main.init.0"],"level":"error","message":"svc.CreateModule err: Error 1054: Unknown column 'plugin_name' in 'where clause'","time":1622738041733056100}
2021/06/04 00:35:38 {"callers":["C:/Users/admin/Documents/Tencent Files/1808321138/FileRecv/src/bugu/main.go: 22 main.init.0"],"level":"error","message":"svc.CreateModule err: Error 1054: Unknown column 'plugin_name' in 'where clause'","time":1622738138259345100}
2021/06/04 00:35:45 {"callers":["C:/Users/admin/Documents/Tencent Files/1808321138/FileRecv/src/bugu/main.go: 22 main.init.0"],"level":"error","message":"svc.CreateModule err: Error 1054: Unknown column 'plugin_name' in 'where clause'","time":1622738145509340800}
2021/06/04 00:37:53 {"callers":["C:/Users/admin/Documents/Tencent Files/1808321138/FileRecv/src/bugu/main.go: 22 main.init.0"],"level":"error","message":"svc.CreateModule err: 不存在该插件","time":1622738273474866500}
2021/06/04 00:39:13 {"callers":["C:/Users/admin/Documents/Tencent Files/1808321138/FileRecv/src/bugu/main.go: 22 main.init.0"],"level":"error","message":"app.BindAndValid errs: PluginName为必填字段","time":1622738353426216100}
2021/06/04 00:39:21 {"callers":["C:/Users/admin/Documents/Tencent Files/1808321138/FileRecv/src/bugu/main.go: 22 main.init.0"],"level":"error","message":"svc.CreateModule err: 不存在该插件","time":1622738361188360900}
2021/06/04 00:39:23 {"callers":["C:/Users/admin/Documents/Tencent Files/1808321138/FileRecv/src/bugu/main.go: 22 main.init.0"],"level":"error","message":"svc.CreateModule err: 不存在该插件","time":1622738363825328000}
2021/06/04 00:39:25 {"callers":["C:/Users/admin/Documents/Tencent Files/1808321138/FileRecv/src/bugu/main.go: 22 main.init.0"],"level":"error","message":"svc.CreateModule err: 不存在该插件","time":1622738365129070800}
2021/06/04 00:40:28 {"callers":["C:/Users/admin/Documents/Tencent Files/1808321138/FileRecv/src/bugu/main.go: 22 main.init.0"],"level":"error","message":"svc.CreateModule err: 不存在该插件","time":1622738428652120500}
2021/06/04 00:40:33 {"callers":["C:/Users/admin/Documents/Tencent Files/1808321138/FileRecv/src/bugu/main.go: 22 main.init.0"],"level":"error","message":"svc.CreateModule err: 不存在该插件","time":1622738433954987100}
2021/06/04 00:42:02 {"callers":["C:/Users/admin/Documents/Tencent Files/1808321138/FileRecv/src/bugu/main.go: 22 main.init.0"],"level":"error","message":"svc.CreateModule err: 模块已存在","time":1622738522378541000}
2021/06/04 00:43:28 {"callers":["C:/Users/admin/Documents/Tencent Files/1808321138/FileRecv/src/bugu/main.go: 22 main.init.0"],"level":"error","message":"svc.CreateModule err: 模块已存在","time":1622738608956049300}
2021/06/04 00:49:00 {"callers":["C:/Users/admin/Documents/Tencent Files/1808321138/FileRecv/src/bugu/main.go: 22 main.init.0"],"level":"error","message":"svc.CreateModule err: 不存在该插件","time":1622738940879252100}
2021/06/04 00:51:29 {"callers":["C:/Users/admin/Documents/Tencent Files/1808321138/FileRecv/src/bugu/main.go: 22 main.init.0"],"level":"error","message":"svc.CreateModule err: 不存在该插件","time":1622739089667373300}
2021/06/04 00:51:37 {"callers":["C:/Users/admin/Documents/Tencent Files/1808321138/FileRecv/src/bugu/main.go: 22 main.init.0"],"level":"error","message":"svc.CreateModule err: 不存在该插件","time":1622739097255872100}
2021/06/04 00:52:04 {"callers":["C:/Users/admin/Documents/Tencent Files/1808321138/FileRecv/src/bugu/main.go: 22 main.init.0"],"level":"error","message":"svc.CreateModule err: 不存在该插件","time":1622739124464150100}
2021/06/04 00:56:53 {"callers":["C:/Users/admin/Documents/Tencent Files/1808321138/FileRecv/src/bugu/main.go: 22 main.init.0"],"level":"error","message":"svc.CreateModule err: 不存在该插件","time":1622739413528663100}
2021/06/04 00:57:33 {"callers":["C:/Users/admin/Documents/Tencent Files/1808321138/FileRecv/src/bugu/main.go: 22 main.init.0"],"level":"error","message":"svc.CreateModule err: 不存在该插件","time":1622739453267198100}
2021/06/04 00:59:15 {"callers":["C:/Users/admin/Documents/Tencent Files/1808321138/FileRecv/src/bugu/main.go: 22 main.init.0"],"level":"error","message":"svc.CreateModule err: 不存在该插件","time":1622739555438866500}
2021/06/04 01:01:40 {"callers":["C:/Users/admin/Documents/Tencent Files/1808321138/FileRecv/src/bugu/main.go: 22 main.init.0"],"level":"error","message":"svc.CreateModule err: 模块已存在","time":1622739700773871000}
2021/06/04 01:01:45 {"callers":["C:/Users/admin/Documents/Tencent Files/1808321138/FileRecv/src/bugu/main.go: 22 main.init.0"],"level":"error","message":"svc.CreateModule err: 不存在该插件","time":1622739705704386200}
2021/06/04 01:02:10 {"callers":["C:/Users/admin/Documents/Tencent Files/1808321138/FileRecv/src/bugu/main.go: 22 main.init.0"],"level":"error","message":"svc.CreateModule err: 模块已存在","time":1622739730977708600}
2021/06/04 01:02:51 {"callers":["C:/Users/admin/Documents/Tencent Files/1808321138/FileRecv/src/bugu/main.go: 22 main.init.0"],"level":"error","message":"app.BindAndValid errs: PluginName为必填字段","time":1622739771886387400}
2021/06/04 01:04:06 {"callers":["C:/Users/admin/Documents/Tencent Files/1808321138/FileRecv/src/bugu/main.go: 22 main.init.0"],"level":"error","message":"svc.UpdateModule err: 不存在该插件","time":1622739846165949200}
2021/06/04 15:34:05 {"callers":["C:/Users/admin/Documents/Tencent Files/1808321138/FileRecv/src/bugu/main.go: 22 main.init.0"],"level":"error","message":"svc.CreateOverload err: 不存在该模块","time":1622792045710796700}
2021/06/04 19:48:25 {"callers":["C:/Users/admin/Documents/Tencent Files/1808321138/FileRecv/src/bugu/main.go: 22 main.init.0"],"level":"error","message":"svc.CreateChip err: 芯片已存在","time":1622807305281929700}
2021/06/04 19:48:39 {"callers":["C:/Users/admin/Documents/Tencent Files/1808321138/FileRecv/src/bugu/main.go: 22 main.init.0"],"level":"error","message":"svc.CreateChip err: Error 1364: Field 'id' doesn't have a default value","time":1622807319197576000}
2021/06/04 19:48:58 {"callers":["C:/Users/admin/Documents/Tencent Files/1808321138/FileRecv/src/bugu/main.go: 22 main.init.0"],"level":"error","message":"svc.CreateChip err: Error 1364: Field 'id' doesn't have a default value","time":1622807338751070200}
2021/06/07 19:42:16 {"callers":["C:/Users/admin/Documents/Tencent Files/1808321138/FileRecv/src/bugu/main.go: 22 main.init.0"],"level":"error","message":"app.BindAndValid errs: FileMaskCode为必填字段,PluginName为必填字段,PluginIntroduction为必填字段","time":1623066136071709100}
2021/06/07 21:08:06 {"callers":["C:/Users/admin/Documents/Tencent Files/1808321138/FileRecv/src/bugu/main.go: 22 main.init.0"],"level":"error","message":"app.BindAndValid errs: PluginName为必填字段,PluginIntroduction为必填字段,FileMaskCode为必填字段","time":1623071286361781000}
2021/06/07 21:08:39 {"callers":["C:/Users/admin/Documents/Tencent Files/1808321138/FileRecv/src/bugu/main.go: 22 main.init.0"],"level":"error","message":"app.BindAndValid errs: PluginName为必填字段,PluginIntroduction为必填字段,FileMaskCode为必填字段","time":1623071319444497200}
2021/06/07 21:09:38 {"callers":["C:/Users/admin/Documents/Tencent Files/1808321138/FileRecv/src/bugu/main.go: 22 main.init.0"],"level":"error","message":"app.BindAndValid errs: PluginName为必填字段,PluginIntroduction为必填字段,FileMaskCode为必填字段","time":1623071378290505800}
2021/06/07 21:22:42 {"callers":["C:/Users/admin/Documents/Tencent Files/1808321138/FileRecv/src/bugu/main.go: 22 main.init.0"],"level":"error","message":"svc.CreatePA err: 插件名已存在","time":1623072162152521100}
2021/06/07 21:22:56 {"callers":["C:/Users/admin/Documents/Tencent Files/1808321138/FileRecv/src/bugu/main.go: 22 main.init.0"],"level":"error","message":"svc.CreatePA err: 插件名已存在","time":1623072176453733400}
2021/06/07 21:27:50 {"callers":["C:/Users/admin/Documents/Tencent Files/1808321138/FileRecv/src/bugu/main.go: 22 main.init.0"],"level":"error","message":"svc.UpdatePA err: 插件名已存在","time":1623072470298575100}
2021/06/07 22:26:42 {"callers":["C:/Users/admin/Documents/Tencent Files/1808321138/FileRecv/src/bugu/main.go: 22 main.init.0"],"level":"error","message":"svc.CreatePA err: 插件名已存在","time":1623076002562368600}
2021/06/07 22:28:45 {"callers":["C:/Users/admin/Documents/Tencent Files/1808321138/FileRecv/src/bugu/main.go: 22 main.init.0"],"level":"error","message":"svc.UpdatePA err: 插件名已存在","time":1623076125737848700}
2021/06/09 11:40:33 {"callers":["C:/Users/admin/Documents/Tencent Files/1808321138/FileRecv/src/bugu/main.go: 22 main.init.0"],"level":"error","message":"app.BindAndValid errs: SecurityCode为必填字段","time":1623210033533206500}
2021/06/09 11:40:44 {"callers":["C:/Users/admin/Documents/Tencent Files/1808321138/FileRecv/src/bugu/main.go: 22 main.init.0"],"level":"error","message":"svc.CreateUser err: 用户已存在","time":1623210044363958600}
2021/06/09 11:40:55 {"callers":["C:/Users/admin/Documents/Tencent Files/1808321138/FileRecv/src/bugu/main.go: 22 main.init.0"],"level":"error","message":"svc.CreateUser err: 用户已存在","time":1623210055064955100}
2021/06/09 11:41:09 {"callers":["C:/Users/admin/Documents/Tencent Files/1808321138/FileRecv/src/bugu/main.go: 22 main.init.0"],"level":"error","message":"svc.CreateUser err: 用户已存在","time":1623210069029833500}
2021/06/09 11:41:12 {"callers":["C:/Users/admin/Documents/Tencent Files/1808321138/FileRecv/src/bugu/main.go: 22 main.init.0"],"level":"error","message":"svc.CreateUser err: 用户已存在","time":1623210072129212300}
2021/06/09 14:03:55 {"callers":["C:/Users/admin/Documents/Tencent Files/1808321138/FileRecv/src/bugu/main.go: 22 main.init.0"],"level":"error","message":"svc.CreateUser err: 用户已存在","time":1623218635493508200}
2021/06/09 14:04:03 {"callers":["C:/Users/admin/Documents/Tencent Files/1808321138/FileRecv/src/bugu/main.go: 22 main.init.0"],"level":"error","message":"svc.CreateUser err: 用户已存在","time":1623218643371814600}
2021/06/09 14:04:16 {"callers":["C:/Users/admin/Documents/Tencent Files/1808321138/FileRecv/src/bugu/main.go: 22 main.init.0"],"level":"error","message":"svc.CreateUser err: 用户已存在","time":1623218656590250700}
2021/06/09 14:08:36 {"callers":["C:/Users/admin/Documents/Tencent Files/1808321138/FileRecv/src/bugu/main.go: 22 main.init.0"],"level":"error","message":"svc.CreateChip err: 芯片已存在","time":1623218916885531100}
2021/06/09 14:11:03 {"callers":["C:/Users/admin/Documents/Tencent Files/1808321138/FileRecv/src/bugu/main.go: 22 main.init.0"],"level":"error","message":"svc.CreateChip err: 芯片已存在","time":1623219063668068000}
2021/06/09 14:11:22 {"callers":["C:/Users/admin/Documents/Tencent Files/1808321138/FileRecv/src/bugu/main.go: 22 main.init.0"],"level":"error","message":"svc.CreateChip err: 芯片已存在","time":1623219082364643100}
2021/06/09 14:11:55 {"callers":["C:/Users/admin/Documents/Tencent Files/1808321138/FileRecv/src/bugu/main.go: 22 main.init.0"],"level":"error","message":"svc.CreateChip err: 芯片已存在","time":1623219115844923400}
2021/06/09 14:25:39 {"callers":["C:/Users/admin/Documents/Tencent Files/1808321138/FileRecv/src/bugu/main.go: 22 main.init.0"],"level":"error","message":"svc.UpdateChip err: 芯片已存在","time":1623219939663792500}
2021/06/09 14:27:22 {"callers":["C:/Users/admin/Documents/Tencent Files/1808321138/FileRecv/src/bugu/main.go: 22 main.init.0"],"level":"error","message":"svc.UpdateChip err: 芯片已存在","time":1623220042911326800}
2021/06/09 14:29:30 {"callers":["C:/Users/admin/Documents/Tencent Files/1808321138/FileRecv/src/bugu/main.go: 22 main.init.0"],"level":"error","message":"svc.UpdateChip err: 芯片已存在","time":1623220170893169600}
2021/06/09 14:43:11 {"callers":["C:/Users/admin/Documents/Tencent Files/1808321138/FileRecv/src/bugu/main.go: 22 main.init.0"],"level":"error","message":"svc.CreatePlugin err: Error 1364: Field 'id' doesn't have a default value","time":1623220991760990800}
2021/06/09 14:43:38 {"callers":["C:/Users/admin/Documents/Tencent Files/1808321138/FileRecv/src/bugu/main.go: 22 main.init.0"],"level":"error","message":"svc.CreatePlugin err: Error 1364: Field 'plugin_about_id' doesn't have a default value","time":1623221018921958600}
2021/06/09 14:44:01 {"callers":["C:/Users/admin/Documents/Tencent Files/1808321138/FileRecv/src/bugu/main.go: 22 main.init.0"],"level":"error","message":"svc.CreatePlugin err: Error 1146: Table 'bugu.bugu_plugin' doesn't exist","time":1623221041066397000}
2021/06/09 14:45:54 {"callers":["C:/Users/admin/Documents/Tencent Files/1808321138/FileRecv/src/bugu/main.go: 22 main.init.0"],"level":"error","message":"svc.CreatePlugin err: 不存在该芯片","time":1623221154485649600}
2021/06/09 14:46:05 {"callers":["C:/Users/admin/Documents/Tencent Files/1808321138/FileRecv/src/bugu/main.go: 22 main.init.0"],"level":"error","message":"svc.CreatePlugin err: 不存在该芯片","time":1623221165450019300}
2021/06/09 14:48:18 {"callers":["C:/Users/admin/Documents/Tencent Files/1808321138/FileRecv/src/bugu/main.go: 22 main.init.0"],"level":"error","message":"svc.CreatePlugin err: 插件已存在","time":1623221298956802700}
2021/06/09 20:16:03 {"callers":["C:/Users/admin/Documents/Tencent Files/1808321138/FileRecv/src/bugu/main.go: 22 main.init.0"],"level":"error","message":"svc.LoginUser err: 账号或密码错误","time":1623240963074018900}
2021/06/09 20:16:09 {"callers":["C:/Users/admin/Documents/Tencent Files/1808321138/FileRecv/src/bugu/main.go: 22 main.init.0"],"level":"error","message":"svc.LoginUser err: 账号或密码错误","time":1623240969690397000}
2021/06/09 20:16:12 {"callers":["C:/Users/admin/Documents/Tencent Files/1808321138/FileRecv/src/bugu/main.go: 22 main.init.0"],"level":"error","message":"svc.LoginUser err: 账号或密码错误","time":1623240972191236700}
2021/06/09 20:45:46 {"callers":["C:/Users/admin/Documents/Tencent Files/1808321138/FileRecv/src/bugu/main.go: 22 main.init.0"],"level":"error","message":"svc.CreateModule err: 不存在该插件","time":1623242746103309100}
2021/06/09 20:46:03 {"callers":["C:/Users/admin/Documents/Tencent Files/1808321138/FileRecv/src/bugu/main.go: 22 main.init.0"],"level":"error","message":"svc.CreateModule err: 不存在该插件","time":1623242763499295000}
2021/06/09 20:47:58 {"callers":["C:/Users/admin/Documents/Tencent Files/1808321138/FileRecv/src/bugu/main.go: 22 main.init.0"],"level":"error","message":"svc.UpdateModule err: 不存在该插件","time":1623242878266321400}
2021/06/09 21:04:24 {"callers":["C:/Users/admin/Documents/Tencent Files/1808321138/FileRecv/src/bugu/main.go: 22 main.init.0"],"level":"error","message":"svc.CreateOverload err: 不存在该模块","time":1623243864689011900}
2021/06/12 14:34:55 {"callers":["C:/Users/admin/Documents/Tencent Files/1808321138/FileRecv/src/bugu/main.go: 22 main.init.0"],"level":"error","message":"app.BindAndValid errs: JsonOverloadOutput为必填字段,JsonOverloadInput为必填字段","time":1623479695884248200}
2021/06/12 14:35:50 {"callers":["C:/Users/admin/Documents/Tencent Files/1808321138/FileRecv/src/bugu/main.go: 22 main.init.0"],"level":"error","message":"app.BindAndValid errs: JsonOverloadInput为必填字段","time":1623479750275729300}
2021/06/12 19:48:13 {"callers":["C:/Users/admin/Documents/Tencent Files/1808321138/FileRecv/src/bugu/main.go: 22 main.init.0"],"level":"error","message":"svc.CreateOverload err: invalid character 'â' looking for beginning of object key string","time":1623498493813011000}
2021/06/12 19:49:31 {"callers":["C:/Users/admin/Documents/Tencent Files/1808321138/FileRecv/src/bugu/main.go: 22 main.init.0"],"level":"error","message":"svc.CreateOverload err: invalid character 'â' looking for beginning of object key string","time":1623498571231628800}
2021/06/12 19:50:11 {"callers":["C:/Users/admin/Documents/Tencent Files/1808321138/FileRecv/src/bugu/main.go: 22 main.init.0"],"level":"error","message":"svc.CreateOverload err: invalid character 'â' looking for beginning of object key string","time":1623498611874476700}
2021/06/12 19:57:16 {"callers":["C:/Users/admin/Documents/Tencent Files/1808321138/FileRecv/src/bugu/main.go: 22 main.init.0"],"level":"error","message":"svc.CreateOverload err: invalid character 'â' looking for beginning of object key string","time":1623499036565798100}
2021/06/12 19:57:28 {"callers":["C:/Users/admin/Documents/Tencent Files/1808321138/FileRecv/src/bugu/main.go: 22 main.init.0"],"level":"error","message":"svc.CreateOverload err: invalid character 'â' looking for beginning of object key string","time":1623499048738871800}
2021/06/12 23:43:20 {"callers":["C:/Users/admin/Documents/Tencent Files/1808321138/FileRecv/src/bugu/main.go: 22 main.init.0"],"level":"error","message":"svc.CreateOverload err: invalid field found for struct bugu/internal/model.Overload's field OverloadOutput, need to define a valid foreign key for relations or it need to implement the Valuer/Scanner interface","time":1623512600639899500}
2021/06/13 02:39:26 {"callers":["C:/Users/admin/Documents/Tencent Files/1808321138/FileRecv/src/bugu/main.go: 22 main.init.0"],"level":"error","message":"svc.LoginUser err: 账号或密码错误","time":1623523166262509500}
2021/06/13 02:39:33 {"callers":["C:/Users/admin/Documents/Tencent Files/1808321138/FileRecv/src/bugu/main.go: 22 main.init.0"],"level":"error","message":"svc.LoginUser err: 账号或密码错误","time":1623523173369527900}
2021/06/13 18:29:44 {"callers":["C:/Users/admin/Documents/Tencent Files/1808321138/FileRecv/src/bugu/main.go: 22 main.init.0"],"level":"error","message":"svc.DeleteChip err: Error 1054: Unknown column 'bugu_chip.id' in 'where clause'","time":1623580184270676600}
2021/06/13 18:42:33 {"callers":["C:/Users/admin/Documents/Tencent Files/1808321138/FileRecv/src/bugu/main.go: 22 main.init.0"],"level":"error","message":"svc.DeleteChip err: Error 1054: Unknown column 'bugu_chip.id' in 'where clause'","time":1623580953398139700}
2021/06/13 18:42:35 {"callers":["C:/Users/admin/Documents/Tencent Files/1808321138/FileRecv/src/bugu/main.go: 22 main.init.0"],"level":"error","message":"svc.DeleteChip err: Error 1054: Unknown column 'bugu_chip.id' in 'where clause'","time":1623580955787017600}
2021/06/13 18:44:44 {"callers":["C:/Users/admin/Documents/Tencent Files/1808321138/FileRecv/src/bugu/main.go: 22 main.init.0"],"level":"error","message":"svc.DeleteChip err: Error 1054: Unknown column 'bugu_chip.id' in 'where clause'","time":1623581084109700800}
2021/06/13 19:50:08 {"callers":["C:/Users/admin/Documents/Tencent Files/1808321138/FileRecv/src/bugu/main.go: 22 main.init.0"],"level":"error","message":"svc.UpdateChip err: 芯片已存在","time":1623585008300450300}
2021/06/13 20:53:19 {"callers":["C:/Users/admin/Documents/Tencent Files/1808321138/FileRecv/src/bugu/main.go: 22 main.init.0"],"level":"error","message":"svc.UpdateChip err: 芯片已存在","time":1623588799454958700}
2021/06/13 20:53:47 {"callers":["C:/Users/admin/Documents/Tencent Files/1808321138/FileRecv/src/bugu/main.go: 22 main.init.0"],"level":"error","message":"svc.UpdateChip err: 芯片已存在","time":1623588827955223300}
2021/06/13 20:53:49 {"callers":["C:/Users/admin/Documents/Tencent Files/1808321138/FileRecv/src/bugu/main.go: 22 main.init.0"],"level":"error","message":"svc.UpdateChip err: 芯片已存在","time":1623588829452809500}
2021/06/13 20:54:20 {"callers":["C:/Users/admin/Documents/Tencent Files/1808321138/FileRecv/src/bugu/main.go: 22 main.init.0"],"level":"error","message":"svc.UpdateChip err: Error 1109: Unknown table 'newtuple' in field list","time":1623588860039404400}
2021/06/13 21:01:25 {"callers":["C:/Users/admin/Documents/Tencent Files/1808321138/FileRecv/src/bugu/main.go: 22 main.init.0"],"level":"error","message":"svc.DeleteChip err: Error 1205: Lock wait timeout exceeded; try restarting transaction","time":1623589285863996800}
2021/06/13 21:16:16 {"callers":["C:/Users/admin/Documents/Tencent Files/1808321138/FileRecv/src/bugu/main.go: 22 main.init.0"],"level":"error","message":"svc.UpdateChip err: 芯片已存在","time":1623590176263028700}
2021/07/14 16:04:46 {"callers":["E:/workspaces/GOPATH/src/bugu/main.go: 22 main.init.0"],"level":"error","message":"app.BindAndValid errs: SecurityCode为必填字段","time":1626249886569380000}
2021/07/14 16:04:55 {"callers":["E:/workspaces/GOPATH/src/bugu/main.go: 22 main.init.0"],"level":"error","message":"app.BindAndValid errs: SecurityCode为必填字段","time":1626249895094513600}
2021/07/14 16:04:56 {"callers":["E:/workspaces/GOPATH/src/bugu/main.go: 22 main.init.0"],"level":"error","message":"app.BindAndValid errs: SecurityCode为必填字段","time":1626249896074806000}
2021/07/14 16:04:56 {"callers":["E:/workspaces/GOPATH/src/bugu/main.go: 22 main.init.0"],"level":"error","message":"app.BindAndValid errs: SecurityCode为必填字段","time":1626249896918014700}
2021/07/14 16:05:22 {"callers":["E:/workspaces/GOPATH/src/bugu/main.go: 22 main.init.0"],"level":"error","message":"svc.CreateUser err: 用户已存在","time":1626249922990337500}
2021/08/03 03:40:13 {"callers":["E:/workspaces/GOPATH/src/bugu/main.go: 22 main.init.0"],"level":"error","message":"app.BindAndValid errs: SecurityCode为必填字段","time":1627933213360802900}
2021/08/03 03:49:30 {"callers":["E:/workspaces/GOPATH/src/bugu/main.go: 22 main.init.0"],"level":"error","message":"app.BindAndValid errs: SecurityCode为必填字段","time":1627933770385942500}
2021/08/03 04:16:39 {"callers":["E:/workspaces/GOPATH/src/bugu/main.go: 22 main.init.0"],"level":"error","message":"app.BindAndValid errs: SecurityCode为必填字段","time":1627935399359485200}
2021/08/03 04:26:57 {"callers":["E:/workspaces/GOPATH/src/bugu/main.go: 22 main.init.0"],"level":"error","message":"svc.CreateUser err: 用户已存在","time":1627936017617800400}
2021/08/03 04:27:57 {"callers":["E:/workspaces/GOPATH/src/bugu/main.go: 22 main.init.0"],"level":"error","message":"app.BindAndValid errs: SecurityCode为必填字段","time":1627936077953981700}
2021/08/03 04:28:32 {"callers":["E:/workspaces/GOPATH/src/bugu/main.go: 22 main.init.0"],"level":"error","message":"app.BindAndValid errs: SecurityCode为必填字段","time":1627936112596565000}
2021/08/03 04:29:57 {"callers":["E:/workspaces/GOPATH/src/bugu/main.go: 22 main.init.0"],"level":"error","message":"app.BindAndValid errs: SecurityCode为必填字段","time":1627936197756405000}
2021/08/03 04:56:26 {"callers":["E:/workspaces/GOPATH/src/bugu/main.go: 22 main.init.0"],"level":"error","message":"svc.CreateUser err: 用户已存在","time":1627937786261581400}
2021/08/03 04:56:33 {"callers":["E:/workspaces/GOPATH/src/bugu/main.go: 22 main.init.0"],"level":"error","message":"app.BindAndValid errs: SecurityCode为必填字段","time":1627937793783827700}
2021/08/03 04:59:23 {"callers":["E:/workspaces/GOPATH/src/bugu/main.go: 22 main.init.0"],"level":"error","message":"app.BindAndValid errs: SecurityCode为必填字段","time":1627937963240611700}
2021/08/03 04:59:26 {"callers":["E:/workspaces/GOPATH/src/bugu/main.go: 22 main.init.0"],"level":"error","message":"app.BindAndValid errs: SecurityCode为必填字段","time":1627937966911369800}
2021/08/10 17:19:24 {"callers":["E:/workspaces/GOPATH/src/bugu/main.go: 22 main.init.0"],"level":"error","message":"svc.CreateChip err: 芯片已存在","time":1628587164547465900}
2021/08/10 17:19:28 {"callers":["E:/workspaces/GOPATH/src/bugu/main.go: 22 main.init.0"],"level":"error","message":"svc.CreateChip err: 芯片已存在","time":1628587168961373500}
2021/08/10 17:21:20 {"callers":["E:/workspaces/GOPATH/src/bugu/main.go: 22 main.init.0"],"level":"error","message":"app.BindAndValid errs: ChipName为必填字段,ManufacturerName为必填字段,Type为必填字段","time":1628587280207096200}
2021/08/10 17:21:40 {"callers":["E:/workspaces/GOPATH/src/bugu/main.go: 22 main.init.0"],"level":"error","message":"svc.UpdateChip err: 芯片已存在","time":1628587300934428800}
2021/08/10 17:22:43 {"callers":["E:/workspaces/GOPATH/src/bugu/main.go: 22 main.init.0"],"level":"error","message":"svc.UpdateChip err: 芯片已存在","time":1628587363665237900}
2021/08/10 17:26:33 {"callers":["E:/workspaces/GOPATH/src/bugu/main.go: 22 main.init.0"],"level":"error","message":"svc.DeleteChip err: Error 1054: Unknown column 'module_id' in 'where clause'","time":1628587593342201900}
2021/08/10 17:30:20 {"callers":["E:/workspaces/GOPATH/src/bugu/main.go: 22 main.init.0"],"level":"error","message":"svc.DeleteChip err: Error 1054: Unknown column 'module_id' in 'where clause'","time":1628587820972305200}
2021/08/10 17:30:43 {"callers":["E:/workspaces/GOPATH/src/bugu/main.go: 22 main.init.0"],"level":"error","message":"svc.DeleteChip err: Error 1054: Unknown column 'module_id' in 'where clause'","time":1628587843516576200}
2021/08/10 17:42:06 {"callers":["E:/workspaces/GOPATH/src/bugu/main.go: 22 main.init.0"],"level":"error","message":"svc.DeleteChip err: Error 1054: Unknown column 'module_id' in 'where clause'","time":1628588526074142600}
2021/08/10 17:44:07 {"callers":["E:/workspaces/GOPATH/src/bugu/main.go: 22 main.init.0"],"level":"error","message":"svc.DeleteChip err: Error 1054: Unknown column 'module_id' in 'where clause'","time":1628588647256831100}
2021/08/10 17:45:04 {"callers":["E:/workspaces/GOPATH/src/bugu/main.go: 22 main.init.0"],"level":"error","message":"svc.DeleteChip err: Error 1054: Unknown column 'module_id' in 'where clause'","time":1628588704216623800}
2021/08/10 17:45:27 {"callers":["E:/workspaces/GOPATH/src/bugu/main.go: 22 main.init.0"],"level":"error","message":"svc.DeleteChip err: Error 1054: Unknown column 'ids' in 'where clause'","time":1628588727600783900}
2021/08/10 17:45:44 {"callers":["E:/workspaces/GOPATH/src/bugu/main.go: 22 main.init.0"],"level":"error","message":"svc.DeleteChip err: Error 1054: Unknown column 'module_id' in 'where clause'","time":1628588744628386300}
2021/08/10 17:47:07 {"callers":["E:/workspaces/GOPATH/src/bugu/main.go: 22 main.init.0"],"level":"error","message":"svc.DeleteChip err: Error 1054: Unknown column 'module_id' in 'where clause'","time":1628588827048075500}
2021/08/10 17:51:19 {"callers":["E:/workspaces/GOPATH/src/bugu/main.go: 22 main.init.0"],"level":"error","message":"app.BindAndValid errs: ManufacturerName为必填字段,Type为必填字段","time":1628589079004670800}
2021/08/10 17:51:37 {"callers":["E:/workspaces/GOPATH/src/bugu/main.go: 22 main.init.0"],"level":"error","message":"svc.CreatePlugin err: 不存在该芯片","time":1628589097193702700}
2021/08/10 17:52:49 {"callers":["E:/workspaces/GOPATH/src/bugu/main.go: 22 main.init.0"],"level":"error","message":"svc.CreatePlugin err: 插件已存在","time":1628589169035630600}
2021/08/10 18:00:59 {"callers":["E:/workspaces/GOPATH/src/bugu/main.go: 22 main.init.0"],"level":"error","message":"svc.UpdatePlugin err: 插件已存在","time":1628589659705611500}
2021/08/10 18:02:23 {"callers":["E:/workspaces/GOPATH/src/bugu/main.go: 22 main.init.0"],"level":"error","message":"app.BindAndValid errs: ID为必填字段","time":1628589743836444100}
2021/08/10 18:06:13 {"callers":["E:/workspaces/GOPATH/src/bugu/main.go: 22 main.init.0"],"level":"error","message":"app.BindAndValid errs: ID为必填字段","time":1628589973006322500}
2021/08/10 18:09:06 {"callers":["E:/workspaces/GOPATH/src/bugu/main.go: 22 main.init.0"],"level":"error","message":"app.BindAndValid errs: ID为必填字段","time":1628590146821468600}
2021/08/10 18:10:06 {"callers":["E:/workspaces/GOPATH/src/bugu/main.go: 22 main.init.0"],"level":"error","message":"app.BindAndValid errs: ID为必填字段","time":1628590206327484800}
2021/08/10 18:10:51 {"callers":["E:/workspaces/GOPATH/src/bugu/main.go: 22 main.init.0"],"level":"error","message":"app.BindAndValid errs: ID为必填字段","time":1628590251489905500}
2021/08/10 18:18:48 {"callers":["E:/workspaces/GOPATH/src/bugu/main.go: 22 main.init.0"],"level":"error","message":"svc.DeletePlugin err: Error 1054: Unknown column 'module_id' in 'where clause'","time":1628590728473568300}
2021/08/10 18:22:12 {"callers":["E:/workspaces/GOPATH/src/bugu/main.go: 22 main.init.0"],"level":"error","message":"svc.CreateModule err: 模块已存在","time":1628590932146098800}
2021/08/10 18:22:36 {"callers":["E:/workspaces/GOPATH/src/bugu/main.go: 22 main.init.0"],"level":"error","message":"svc.CreateModule err: 不存在该插件","time":1628590956108156900}
2021/08/10 18:24:39 {"callers":["E:/workspaces/GOPATH/src/bugu/main.go: 22 main.init.0"],"level":"error","message":"svc.UpdateModule err: 模块已存在","time":1628591079765445900}
2021/08/10 18:25:19 {"callers":["E:/workspaces/GOPATH/src/bugu/main.go: 22 main.init.0"],"level":"error","message":"svc.UpdateModule err: 模块已存在","time":1628591119425711300}
2021/08/10 18:25:26 {"callers":["E:/workspaces/GOPATH/src/bugu/main.go: 22 main.init.0"],"level":"error","message":"svc.UpdateModule err: 不存在该插件","time":1628591126127374400}
2021/08/10 18:35:58 {"callers":["E:/workspaces/GOPATH/src/bugu/main.go: 22 main.init.0"],"level":"error","message":"svc.DeleteModule err: Error 1054: Unknown column 'module_id' in 'where clause'","time":1628591758761548100}
2021/08/10 18:43:30 {"callers":["E:/workspaces/GOPATH/src/bugu/main.go: 22 main.init.0"],"level":"error","message":"svc.DeleteModule err: Error 1054: Unknown column 'module_id' in 'where clause'","time":1628592210178280100}
2021/08/10 19:16:48 {"callers":["E:/workspaces/GOPATH/src/bugu/main.go: 22 main.init.0"],"level":"error","message":"svc.DeleteModule err: Error 1054: Unknown column 'module_id' in 'where clause'","time":1628594208730332900}
2021/08/10 19:16:58 {"callers":["E:/workspaces/GOPATH/src/bugu/main.go: 22 main.init.0"],"level":"error","message":"svc.DeleteModule err: Error 1054: Unknown column 'module_id' in 'where clause'","time":1628594218884931100}
2021/08/10 19:17:27 {"callers":["E:/workspaces/GOPATH/src/bugu/main.go: 22 main.init.0"],"level":"error","message":"svc.DeleteModule err: Error 1054: Unknown column 'module_id' in 'where clause'","time":1628594247323127300}
2021/08/10 21:09:47 {"callers":["E:/workspaces/GOPATH/src/bugu/main.go: 22 main.init.0"],"level":"error","message":"svc.DeleteChip err: Error 1054: Unknown column 'module_id' in 'where clause'","time":1628600987903927800}
2021/08/10 21:29:42 {"callers":["E:/workspaces/GOPATH/src/bugu/main.go: 22 main.init.0"],"level":"error","message":"app.BindAndValid errs: ModuleName为必填字段","time":1628602182773867800}
2021/08/10 21:29:53 {"callers":["E:/workspaces/GOPATH/src/bugu/main.go: 22 main.init.0"],"level":"error","message":"svc.CreateOverload err: 不存在该模块","time":1628602193542865900}
2021/08/10 22:22:18 {"callers":["E:/workspaces/GOPATH/src/bugu/main.go: 22 main.init.0"],"level":"error","message":"svc.UpdateOverload err: 不存在该模块","time":1628605338481028100}
2021/08/10 22:23:13 {"callers":["E:/workspaces/GOPATH/src/bugu/main.go: 22 main.init.0"],"level":"error","message":"svc.UpdateOverload err: 不存在该模块","time":1628605393018286300}
2021/08/10 22:23:17 {"callers":["E:/workspaces/GOPATH/src/bugu/main.go: 22 main.init.0"],"level":"error","message":"svc.UpdateOverload err: 不存在该模块","time":1628605397784388400}
